OUT: ]0;vagrant@o2:~[?1034h[00mvagrant@o2[01;34m ~ [31m [00m$[00m 
-
OUT: ls -als
-
OUT: cap A deploy:update -Sproject='frame' -Sgitrepo='git@bitbucket.org:netvlies/frame.git' -Srepokey='frame' -Sinitfiles='/var/www/vhosts/publish/src/Netvlies/PublishBundle/Resources/apptypes/OMS/files/.' -Srepositorypath='/var/www/vhosts/publish/web/repos' -Spubkeyfile='/var/lib/jenkins/.ssh/id_dsa.pub' -Sprivkeyfile='/var/lib/jenkins/.ssh/id_dsa' -Ssudouser='deploy' -Srevision='c2478a5b1eddad138af61ac980412e06e1b651a8' -Susername='framemag-st' -Smysqldb='frame_staging' -Smysqluser='frame' -Smysqlpw='7fhLf5G9XUemRJJf' -Swebroot='/home/framemag-st/www/current' -Sapproot='/home/framemag-st/www/current' -Scaproot='/home/framemag-st/www' -Sprimarydomain='framemag1.dev.ssl.netvlies.nl' -ShomedirsBase='/home' -Shostname='framemag.dev.ssl.netvlies.nl' -Sotap='A' -Sbridgebin='/home/hosting-ftp/sbin/deploy_bridge' -Suserfiles='cms/.htaccess,cms/.htpasswd' -Suserdirs='cache,media/files,lucene'
-
OUT: ]0;vagrant@o2:~
-
OUT: [?1034h[00mvagrant@o2[01;34m ~ [31m [00m$[00m cap A deploy:update -Sproject='frame' -Sgitrepo='git@bitbu
-
OUT: cket.org:netv
-
OUT: lies/frame.gi
-
OUT: t' -Srepokey='frame'  -Sinitfiles='/var/www/vhosts/publish/src/Netvlies/PublishBundle/Resources/apptypes/OMS/files/.' -Srepositorypath='/var/ 
-
OUT: www/vhosts/publish/web/repos' -Spubk
-
OUT: eyfile='/var/lib/jenkins/.ssh/id_dsa.pub' -Sprivke
-
OUT: yfile='/var/lib/j
-
OUT: enkins/.ssh/id_ds a' -Ssudouser='deplo
-
OUT: y' -Srevision='c2478a5b1eddad138af61ac980412e06e1b651a8'
-
OUT:  -Susername='framemag-st' -Smysqldb='frame_s taging' -Smysqluser='fram
-
OUT: e' -Smysqlpw='7fhLf5G9
-
OUT: XUemRJJf' -Swebroot='/
-
OUT: home/framemag-st/www/current' -Sapproot='/hom
-
OUT: e/fram emag-st/www/current
-
OUT: ' -Scaproot='/home/framemag-st/www' -Sprima
-
OUT: rydomain='fr
-
OUT: amemag1.dev
-
OUT: .ssl.ne
-
OUT: tvlie
-
OUT: s.nl' -ShomedirsBase='
-
OUT: / home' -Shostname='framemag.dev
-
OUT: .ssl.n
-
OUT: etvlies.nl' -Sotap='A' -
-
OUT: Sbridgebin='/home/h
-
OUT: osting-ftp/sbin/deploy_bridge' 
-
OUT: -Suserfi
-
OUT: le 
-
OUT: s='cms/.hta
-
OUT: ccess,cms/.htpasswd' 
-
OUT: -
-
OUT: Suserdirs='cache,media/files,lu
-
OUT: cene'
-
